This file contains any messages produced by compilers while
running configure, to aid debugging if configure makes a mistake.

It was created by tri configure 1.0, which was
generated by GNU Autoconf 2.61.  Invocation command line was

  $ ./configure 

## --------- ##
## Platform. ##
## --------- ##

hostname = F201-07
uname -m = x86_64
uname -r = 4.4.0-97-generic
uname -s = Linux
uname -v = #120-Ubuntu SMP Tue Sep 19 17:28:18 UTC 2017

/usr/bin/uname -p = unknown
/bin/uname -X     = unknown

/bin/arch              = unknown
/usr/bin/arch -k       = unknown
/usr/convex/getsysinfo = unknown
/usr/bin/hostinfo      = unknown
/bin/machine           = unknown
/usr/bin/oslevel       = unknown
/bin/universe          = unknown

PATH: /usr/local/bin
PATH: /usr/local/sbin
PATH: /usr/bin
PATH: /usr/sbin
PATH: /bin
PATH: /sbin
PATH: /home/v/vallona/mesCommandes


## ----------- ##
## Core tests. ##
## ----------- ##

configure:1772: checking for a BSD-compatible install
configure:1828: result: /usr/bin/install -c
configure:1839: checking whether build environment is sane
configure:1882: result: yes
configure:1910: checking for a thread-safe mkdir -p
configure:1949: result: /bin/mkdir -p
configure:1962: checking for gawk
configure:1978: found /usr/bin/gawk
configure:1989: result: gawk
configure:2000: checking whether make sets $(MAKE)
configure:2021: result: yes
configure:2259: checking for gcc
configure:2275: found /usr/bin/gcc
configure:2286: result: gcc
configure:2524: checking for C compiler version
configure:2531: gcc --version >&5
gcc (Ubuntu 5.4.0-6ubuntu1~16.04.4) 5.4.0 20160609
Copyright (C) 2015 Free Software Foundation, Inc.
This is free software; see the source for copying conditions.  There is NO
warranty; not even for MERCHANTABILITY or FITNESS FOR A PARTICULAR PURPOSE.

configure:2534: $? = 0
configure:2541: gcc -v >&5
Using built-in specs.
COLLECT_GCC=gcc
COLLECT_LTO_WRAPPER=/usr/lib/gcc/x86_64-linux-gnu/5/lto-wrapper
Target: x86_64-linux-gnu
Configured with: ../src/configure -v --with-pkgversion='Ubuntu 5.4.0-6ubuntu1~16.04.4' --with-bugurl=file:///usr/share/doc/gcc-5/README.Bugs --enable-languages=c,ada,c++,java,go,d,fortran,objc,obj-c++ --prefix=/usr --program-suffix=-5 --enable-shared --enable-linker-build-id --libexecdir=/usr/lib --without-included-gettext --enable-threads=posix --libdir=/usr/lib --enable-nls --with-sysroot=/ --enable-clocale=gnu --enable-libstdcxx-debug --enable-libstdcxx-time=yes --with-default-libstdcxx-abi=new --enable-gnu-unique-object --disable-vtable-verify --enable-libmpx --enable-plugin --with-system-zlib --disable-browser-plugin --enable-java-awt=gtk --enable-gtk-cairo --with-java-home=/usr/lib/jvm/java-1.5.0-gcj-5-amd64/jre --enable-java-home --with-jvm-root-dir=/usr/lib/jvm/java-1.5.0-gcj-5-amd64 --with-jvm-jar-dir=/usr/lib/jvm-exports/java-1.5.0-gcj-5-amd64 --with-arch-directory=amd64 --with-ecj-jar=/usr/share/java/eclipse-ecj.jar --enable-objc-gc --enable-multiarch --disable-werror --with-arch-32=i686 --with-abi=m64 --with-multilib-list=m32,m64,mx32 --enable-multilib --with-tune=generic --enable-checking=release --build=x86_64-linux-gnu --host=x86_64-linux-gnu --target=x86_64-linux-gnu
Thread model: posix
gcc version 5.4.0 20160609 (Ubuntu 5.4.0-6ubuntu1~16.04.4) 
configure:2544: $? = 0
configure:2551: gcc -V >&5
gcc: error: unrecognized command line option '-V'
gcc: fatal error: no input files
compilation terminated.
configure:2554: $? = 1
configure:2577: checking for C compiler default output file name
configure:2604: gcc    conftest.c  >&5
configure:2607: $? = 0
configure:2645: result: a.out
configure:2662: checking whether the C compiler works
configure:2672: ./a.out
configure:2675: $? = 0
configure:2692: result: yes
configure:2699: checking whether we are cross compiling
configure:2701: result: no
configure:2704: checking for suffix of executables
configure:2711: gcc -o conftest    conftest.c  >&5
configure:2714: $? = 0
configure:2738: result: 
configure:2744: checking for suffix of object files
configure:2770: gcc -c   conftest.c >&5
configure:2773: $? = 0
configure:2796: result: o
configure:2800: checking whether we are using the GNU C compiler
configure:2829: gcc -c   conftest.c >&5
configure:2835: $? = 0
configure:2852: result: yes
configure:2857: checking whether gcc accepts -g
configure:2887: gcc -c -g  conftest.c >&5
configure:2893: $? = 0
configure:2992: result: yes
configure:3009: checking for gcc option to accept ISO C89
configure:3083: gcc  -c -g -O2  conftest.c >&5
configure:3089: $? = 0
configure:3112: result: none needed
configure:3141: checking for style of include used by make
configure:3169: result: GNU
configure:3194: checking dependency style of gcc
configure:3285: result: gcc3
configure:3301: checking whether gcc and cc understand -c and -o together
configure:3336: gcc -c conftest.c -o conftest2.o >&5
configure:3339: $? = 0
configure:3345: gcc -c conftest.c -o conftest2.o >&5
configure:3348: $? = 0
configure:3359: cc -c conftest.c >&5
configure:3362: $? = 0
configure:3370: cc -c conftest.c -o conftest2.o >&5
configure:3373: $? = 0
configure:3379: cc -c conftest.c -o conftest2.o >&5
configure:3382: $? = 0
configure:3400: result: yes
configure:3430: checking for pthread_create in -lpthread
configure:3465: gcc -o conftest -g -O2   conftest.c -lpthread   >&5
configure:3471: $? = 0
configure:3489: result: yes
configure:3507: checking how to run the C preprocessor
configure:3547: gcc -E  conftest.c
configure:3553: $? = 0
configure:3584: gcc -E  conftest.c
conftest.c:11:28: fatal error: ac_nonexistent.h: No such file or directory
compilation terminated.
configure:3590: $? = 1
configure: failed program was:
| /* confdefs.h.  */
| #define PACKAGE_NAME "tri"
| #define PACKAGE_TARNAME "tri"
| #define PACKAGE_VERSION "1.0"
| #define PACKAGE_STRING "tri 1.0"
| #define PACKAGE_BUGREPORT "guillaume.huard@imag.fr"
| #define PACKAGE "tri"
| #define VERSION "1.0"
| #define HAVE_LIBPTHREAD 1
| /* end confdefs.h.  */
| #include <ac_nonexistent.h>
configure:3623: result: gcc -E
configure:3652: gcc -E  conftest.c
configure:3658: $? = 0
configure:3689: gcc -E  conftest.c
conftest.c:11:28: fatal error: ac_nonexistent.h: No such file or directory
compilation terminated.
configure:3695: $? = 1
configure: failed program was:
| /* confdefs.h.  */
| #define PACKAGE_NAME "tri"
| #define PACKAGE_TARNAME "tri"
| #define PACKAGE_VERSION "1.0"
| #define PACKAGE_STRING "tri 1.0"
| #define PACKAGE_BUGREPORT "guillaume.huard@imag.fr"
| #define PACKAGE "tri"
| #define VERSION "1.0"
| #define HAVE_LIBPTHREAD 1
| /* end confdefs.h.  */
| #include <ac_nonexistent.h>
configure:3733: checking for grep that handles long lines and -e
configure:3807: result: /bin/grep
configure:3812: checking for egrep
configure:3890: result: /bin/grep -E
configure:3895: checking for ANSI C header files
configure:3925: gcc -c -g -O2  conftest.c >&5
configure:3931: $? = 0
configure:4030: gcc -o conftest -g -O2   conftest.c -lpthread  >&5
configure:4033: $? = 0
configure:4039: ./conftest
configure:4042: $? = 0
configure:4059: result: yes
configure:4069: checking for sys/wait.h that is POSIX.1 compatible
configure:4105: gcc -c -g -O2  conftest.c >&5
configure:4111: $? = 0
configure:4126: result: yes
configure:4150: checking for sys/types.h
configure:4171: gcc -c -g -O2  conftest.c >&5
configure:4177: $? = 0
configure:4193: result: yes
configure:4150: checking for sys/stat.h
configure:4171: gcc -c -g -O2  conftest.c >&5
configure:4177: $? = 0
configure:4193: result: yes
configure:4150: checking for stdlib.h
configure:4171: gcc -c -g -O2  conftest.c >&5
configure:4177: $? = 0
configure:4193: result: yes
configure:4150: checking for string.h
configure:4171: gcc -c -g -O2  conftest.c >&5
configure:4177: $? = 0
configure:4193: result: yes
configure:4150: checking for memory.h
configure:4171: gcc -c -g -O2  conftest.c >&5
configure:4177: $? = 0
configure:4193: result: yes
configure:4150: checking for strings.h
configure:4171: gcc -c -g -O2  conftest.c >&5
configure:4177: $? = 0
configure:4193: result: yes
configure:4150: checking for inttypes.h
configure:4171: gcc -c -g -O2  conftest.c >&5
configure:4177: $? = 0
configure:4193: result: yes
configure:4150: checking for stdint.h
configure:4171: gcc -c -g -O2  conftest.c >&5
configure:4177: $? = 0
configure:4193: result: yes
configure:4150: checking for unistd.h
configure:4171: gcc -c -g -O2  conftest.c >&5
configure:4177: $? = 0
configure:4193: result: yes
configure:4212: checking for stdlib.h
configure:4218: result: yes
configure:4222: checking sys/time.h usability
configure:4239: gcc -c -g -O2  conftest.c >&5
configure:4245: $? = 0
configure:4259: result: yes
configure:4263: checking sys/time.h presence
configure:4278: gcc -E  conftest.c
configure:4284: $? = 0
configure:4298: result: yes
configure:4331: checking for sys/time.h
configure:4339: result: yes
configure:4212: checking for unistd.h
configure:4218: result: yes
configure:4354: checking for size_t
configure:4384: gcc -c -g -O2  conftest.c >&5
configure:4390: $? = 0
configure:4405: result: yes
configure:4417: checking whether time.h and sys/time.h may both be included
configure:4447: gcc -c -g -O2  conftest.c >&5
configure:4453: $? = 0
configure:4468: result: yes
configure:4485: checking for stdlib.h
configure:4491: result: yes
configure:4625: checking for GNU libc compatible malloc
configure:4659: gcc -o conftest -g -O2   conftest.c -lpthread  >&5
configure:4662: $? = 0
configure:4668: ./conftest
configure:4671: $? = 0
configure:4687: result: yes
configure:4719: checking for gettimeofday
configure:4775: gcc -o conftest -g -O2   conftest.c -lpthread  >&5
configure:4781: $? = 0
configure:4799: result: yes
configure:4956: creating ./config.status

## ---------------------- ##
## Running config.status. ##
## ---------------------- ##

This file was extended by tri config.status 1.0, which was
generated by GNU Autoconf 2.61.  Invocation command line was

  CONFIG_FILES    = 
  CONFIG_HEADERS  = 
  CONFIG_LINKS    = 
  CONFIG_COMMANDS = 
  $ ./config.status 

on F201-07

config.status:618: creating Makefile
config.status:809: executing depfiles commands

## ---------------- ##
## Cache variables. ##
## ---------------- ##

ac_cv_c_compiler_gnu=yes
ac_cv_env_CC_set=
ac_cv_env_CC_value=
ac_cv_env_CFLAGS_set=
ac_cv_env_CFLAGS_value=
ac_cv_env_CPPFLAGS_set=
ac_cv_env_CPPFLAGS_value=
ac_cv_env_CPP_set=
ac_cv_env_CPP_value=
ac_cv_env_LDFLAGS_set=
ac_cv_env_LDFLAGS_value=
ac_cv_env_LIBS_set=
ac_cv_env_LIBS_value=
ac_cv_env_build_alias_set=
ac_cv_env_build_alias_value=
ac_cv_env_host_alias_set=
ac_cv_env_host_alias_value=
ac_cv_env_target_alias_set=
ac_cv_env_target_alias_value=
ac_cv_func_gettimeofday=yes
ac_cv_func_malloc_0_nonnull=yes
ac_cv_header_inttypes_h=yes
ac_cv_header_memory_h=yes
ac_cv_header_stdc=yes
ac_cv_header_stdint_h=yes
ac_cv_header_stdlib_h=yes
ac_cv_header_string_h=yes
ac_cv_header_strings_h=yes
ac_cv_header_sys_stat_h=yes
ac_cv_header_sys_time_h=yes
ac_cv_header_sys_types_h=yes
ac_cv_header_sys_wait_h=yes
ac_cv_header_time=yes
ac_cv_header_unistd_h=yes
ac_cv_lib_pthread_pthread_create=yes
ac_cv_objext=o
ac_cv_path_EGREP='/bin/grep -E'
ac_cv_path_GREP=/bin/grep
ac_cv_path_install='/usr/bin/install -c'
ac_cv_path_mkdir=/bin/mkdir
ac_cv_prog_AWK=gawk
ac_cv_prog_CPP='gcc -E'
ac_cv_prog_ac_ct_CC=gcc
ac_cv_prog_cc_c89=
ac_cv_prog_cc_g=yes
ac_cv_prog_cc_gcc_c_o=yes
ac_cv_prog_make_make_set=yes
ac_cv_type_size_t=yes
am_cv_CC_dependencies_compiler_type=gcc3

## ----------------- ##
## Output variables. ##
## ----------------- ##

ACLOCAL='${SHELL} /home/v/vallona/Master-1-INFO/Semester1/CSE/TP7/tri-1.0/missing --run aclocal-1.10'
AMDEPBACKSLASH='\'
AMDEP_FALSE='#'
AMDEP_TRUE=''
AMTAR='${SHELL} /home/v/vallona/Master-1-INFO/Semester1/CSE/TP7/tri-1.0/missing --run tar'
AUTOCONF='${SHELL} /home/v/vallona/Master-1-INFO/Semester1/CSE/TP7/tri-1.0/missing --run autoconf'
AUTOHEADER='${SHELL} /home/v/vallona/Master-1-INFO/Semester1/CSE/TP7/tri-1.0/missing --run autoheader'
AUTOMAKE='${SHELL} /home/v/vallona/Master-1-INFO/Semester1/CSE/TP7/tri-1.0/missing --run automake-1.10'
AWK='gawk'
CC='gcc'
CCDEPMODE='depmode=gcc3'
CFLAGS='-g -O2'
CPP='gcc -E'
CPPFLAGS=''
CYGPATH_W='echo'
DEFS='-DPACKAGE_NAME=\"tri\" -DPACKAGE_TARNAME=\"tri\" -DPACKAGE_VERSION=\"1.0\" -DPACKAGE_STRING=\"tri\ 1.0\" -DPACKAGE_BUGREPORT=\"guillaume.huard@imag.fr\" -DPACKAGE=\"tri\" -DVERSION=\"1.0\" -DHAVE_LIBPTHREAD=1 -DSTDC_HEADERS=1 -DHAVE_SYS_WAIT_H=1 -DHAVE_SYS_TYPES_H=1 -DHAVE_SYS_STAT_H=1 -DHAVE_STDLIB_H=1 -DHAVE_STRING_H=1 -DHAVE_MEMORY_H=1 -DHAVE_STRINGS_H=1 -DHAVE_INTTYPES_H=1 -DHAVE_STDINT_H=1 -DHAVE_UNISTD_H=1 -DHAVE_STDLIB_H=1 -DHAVE_SYS_TIME_H=1 -DHAVE_UNISTD_H=1 -DTIME_WITH_SYS_TIME=1 -DHAVE_STDLIB_H=1 -DHAVE_MALLOC=1 -DHAVE_GETTIMEOFDAY=1'
DEPDIR='.deps'
ECHO_C=''
ECHO_N='-n'
ECHO_T=''
EGREP='/bin/grep -E'
EXEEXT=''
GREP='/bin/grep'
INSTALL_DATA='${INSTALL} -m 644'
INSTALL_PROGRAM='${INSTALL}'
INSTALL_SCRIPT='${INSTALL}'
INSTALL_STRIP_PROGRAM='$(install_sh) -c -s'
LDFLAGS=''
LIBOBJS=''
LIBS='-lpthread '
LTLIBOBJS=''
MAKEINFO='${SHELL} /home/v/vallona/Master-1-INFO/Semester1/CSE/TP7/tri-1.0/missing --run makeinfo'
OBJEXT='o'
PACKAGE='tri'
PACKAGE_BUGREPORT='guillaume.huard@imag.fr'
PACKAGE_NAME='tri'
PACKAGE_STRING='tri 1.0'
PACKAGE_TARNAME='tri'
PACKAGE_VERSION='1.0'
PATH_SEPARATOR=':'
SET_MAKE=''
SHELL='/bin/bash'
STRIP=''
VERSION='1.0'
ac_ct_CC='gcc'
am__fastdepCC_FALSE='#'
am__fastdepCC_TRUE=''
am__include='include'
am__isrc=''
am__leading_dot='.'
am__quote=''
am__tar='${AMTAR} chof - "$$tardir"'
am__untar='${AMTAR} xf -'
bindir='${exec_prefix}/bin'
build_alias=''
datadir='${datarootdir}'
datarootdir='${prefix}/share'
docdir='${datarootdir}/doc/${PACKAGE_TARNAME}'
dvidir='${docdir}'
exec_prefix='${prefix}'
host_alias=''
htmldir='${docdir}'
includedir='${prefix}/include'
infodir='${datarootdir}/info'
install_sh='$(SHELL) /home/v/vallona/Master-1-INFO/Semester1/CSE/TP7/tri-1.0/install-sh'
libdir='${exec_prefix}/lib'
libexecdir='${exec_prefix}/libexec'
localedir='${datarootdir}/locale'
localstatedir='${prefix}/var'
mandir='${datarootdir}/man'
mkdir_p='/bin/mkdir -p'
oldincludedir='/usr/include'
pdfdir='${docdir}'
prefix='/usr/local'
program_transform_name='s,x,x,'
psdir='${docdir}'
sbindir='${exec_prefix}/sbin'
sharedstatedir='${prefix}/com'
sysconfdir='${prefix}/etc'
target_alias=''

## ----------- ##
## confdefs.h. ##
## ----------- ##

#define PACKAGE_NAME "tri"
#define PACKAGE_TARNAME "tri"
#define PACKAGE_VERSION "1.0"
#define PACKAGE_STRING "tri 1.0"
#define PACKAGE_BUGREPORT "guillaume.huard@imag.fr"
#define PACKAGE "tri"
#define VERSION "1.0"
#define HAVE_LIBPTHREAD 1
#define STDC_HEADERS 1
#define HAVE_SYS_WAIT_H 1
#define HAVE_SYS_TYPES_H 1
#define HAVE_SYS_STAT_H 1
#define HAVE_STDLIB_H 1
#define HAVE_STRING_H 1
#define HAVE_MEMORY_H 1
#define HAVE_STRINGS_H 1
#define HAVE_INTTYPES_H 1
#define HAVE_STDINT_H 1
#define HAVE_UNISTD_H 1
#define HAVE_STDLIB_H 1
#define HAVE_SYS_TIME_H 1
#define HAVE_UNISTD_H 1
#define TIME_WITH_SYS_TIME 1
#define HAVE_STDLIB_H 1
#define HAVE_MALLOC 1
#define HAVE_GETTIMEOFDAY 1

configure: exit 0
